-------------------------------------------------------------------------------
Test set: com.lga.mock.LoginControllerTest
-------------------------------------------------------------------------------
Tests run: 2, Failures: 1, Errors: 0, Skipped: 0, Time elapsed: 0.387 s <<< FAILURE! - in com.lga.mock.LoginControllerTest
testFail(com.lga.mock.LoginControllerTest)  Time elapsed: 0.254 s  <<< FAILURE!
org.junit.ComparisonFailure: expected:<[error].jsp> but was:<[success].jsp>
	at com.lga.mock.LoginControllerTest.testFail(LoginControllerTest.java:47)

